This file contains any messages produced by compilers while
running configure, to aid debugging if configure makes a mistake.

It was created by CUnit configure 2.1-2, which was
generated by GNU Autoconf 2.67.  Invocation command line was

  $ ./configure --prefix=/home/yanis/local/CUnit

## --------- ##
## Platform. ##
## --------- ##

hostname = Yanis-Krypton
uname -m = x86_64
uname -r = 5.11.0-43-generic
uname -s = Linux
uname -v = #47~20.04.2-Ubuntu SMP Mon Dec 13 11:06:56 UTC 2021

/usr/bin/uname -p = x86_64
/bin/uname -X     = unknown

/bin/arch              = x86_64
/usr/bin/arch -k       = unknown
/usr/convex/getsysinfo = unknown
/usr/bin/hostinfo      = unknown
/bin/machine           = unknown
/usr/bin/oslevel       = unknown
/bin/universe          = unknown

PATH: /usr/local/sbin
PATH: /usr/local/bin
PATH: /usr/sbin
PATH: /usr/bin
PATH: /sbin
PATH: /bin
PATH: /usr/games
PATH: /usr/local/games
PATH: /snap/bin


## ----------- ##
## Core tests. ##
## ----------- ##

configure:2384: checking for a BSD-compatible install
configure:2452: result: /usr/bin/install -c
configure:2463: checking whether build environment is sane
configure:2513: result: yes
configure:2541: WARNING: `missing' script is too old or missing
configure:2654: checking for a thread-safe mkdir -p
configure:2693: result: /usr/bin/mkdir -p
configure:2706: checking for gawk
configure:2736: result: no
configure:2706: checking for mawk
configure:2722: found /usr/bin/mawk
configure:2733: result: mawk
configure:2744: checking whether make sets $(MAKE)
configure:2766: result: yes
configure:3099: checking for gcc
configure:3115: found /usr/bin/gcc
configure:3126: result: gcc
configure:3355: checking for C compiler version
configure:3364: gcc --version >&5
gcc (Ubuntu 9.3.0-17ubuntu1~20.04) 9.3.0
Copyright (C) 2019 Free Software Foundation, Inc.
This is free software; see the source for copying conditions.  There is NO
warranty; not even for MERCHANTABILITY or FITNESS FOR A PARTICULAR PURPOSE.

configure:3375: $? = 0
configure:3364: gcc -v >&5
Using built-in specs.
COLLECT_GCC=gcc
COLLECT_LTO_WRAPPER=/usr/lib/gcc/x86_64-linux-gnu/9/lto-wrapper
OFFLOAD_TARGET_NAMES=nvptx-none:hsa
OFFLOAD_TARGET_DEFAULT=1
Target: x86_64-linux-gnu
Configured with: ../src/configure -v --with-pkgversion='Ubuntu 9.3.0-17ubuntu1~20.04' --with-bugurl=file:///usr/share/doc/gcc-9/README.Bugs --enable-languages=c,ada,c++,go,brig,d,fortran,objc,obj-c++,gm2 --prefix=/usr --with-gcc-major-version-only --program-suffix=-9 --program-prefix=x86_64-linux-gnu- --enable-shared --enable-linker-build-id --libexecdir=/usr/lib --without-included-gettext --enable-threads=posix --libdir=/usr/lib --enable-nls --enable-clocale=gnu --enable-libstdcxx-debug --enable-libstdcxx-time=yes --with-default-libstdcxx-abi=new --enable-gnu-unique-object --disable-vtable-verify --enable-plugin --enable-default-pie --with-system-zlib --with-target-system-zlib=auto --enable-objc-gc=auto --enable-multiarch --disable-werror --with-arch-32=i686 --with-abi=m64 --with-multilib-list=m32,m64,mx32 --enable-multilib --with-tune=generic --enable-offload-targets=nvptx-none=/build/gcc-9-HskZEa/gcc-9-9.3.0/debian/tmp-nvptx/usr,hsa --without-cuda-driver --enable-checking=release --build=x86_64-linux-gnu --host=x86_64-linux-gnu --target=x86_64-linux-gnu
Thread model: posix
gcc version 9.3.0 (Ubuntu 9.3.0-17ubuntu1~20.04) 
configure:3375: $? = 0
configure:3364: gcc -V >&5
gcc: error: unrecognized command line option '-V'
gcc: fatal error: no input files
compilation terminated.
configure:3375: $? = 1
configure:3364: gcc -qversion >&5
gcc: error: unrecognized command line option '-qversion'; did you mean '--version'?
gcc: fatal error: no input files
compilation terminated.
configure:3375: $? = 1
configure:3395: checking whether the C compiler works
configure:3417: gcc  -DRELEASE=@RELEASE@ -Wall -W -pedantic -Wshadow -ansi -I/home/yanis/local/software-reliability/CUnit/CUnit-2.1-2-src/CUnit-2.1-2/CUnit/Headers   -L/home/yanis/local/software-reliability/CUnit/CUnit-2.1-2-src/CUnit-2.1-2/CUnit/Sources conftest.c  >&5
configure:3421: $? = 0
configure:3469: result: yes
configure:3472: checking for C compiler default output file name
configure:3474: result: a.out
configure:3480: checking for suffix of executables
configure:3487: gcc -o conftest  -DRELEASE=@RELEASE@ -Wall -W -pedantic -Wshadow -ansi -I/home/yanis/local/software-reliability/CUnit/CUnit-2.1-2-src/CUnit-2.1-2/CUnit/Headers   -L/home/yanis/local/software-reliability/CUnit/CUnit-2.1-2-src/CUnit-2.1-2/CUnit/Sources conftest.c  >&5
configure:3491: $? = 0
configure:3513: result: 
configure:3535: checking whether we are cross compiling
configure:3543: gcc -o conftest  -DRELEASE=@RELEASE@ -Wall -W -pedantic -Wshadow -ansi -I/home/yanis/local/software-reliability/CUnit/CUnit-2.1-2-src/CUnit-2.1-2/CUnit/Headers   -L/home/yanis/local/software-reliability/CUnit/CUnit-2.1-2-src/CUnit-2.1-2/CUnit/Sources conftest.c  >&5
configure:3547: $? = 0
configure:3554: ./conftest
configure:3558: $? = 0
configure:3546: result: no
configure:3551: checking for suffix of object files
configure:3573: gcc -c  -DRELEASE=@RELEASE@ -Wall -W -pedantic -Wshadow -ansi -I/home/yanis/local/software-reliability/CUnit/CUnit-2.1-2-src/CUnit-2.1-2/CUnit/Headers  conftest.c >&5
configure:3577: $? = 0
configure:3598: result: o
configure:3602: checking whether we are using the GNU C compiler
configure:3621: gcc -c  -DRELEASE=@RELEASE@ -Wall -W -pedantic -Wshadow -ansi -I/home/yanis/local/software-reliability/CUnit/CUnit-2.1-2-src/CUnit-2.1-2/CUnit/Headers  conftest.c >&5
configure:3621: $? = 0
configure:3630: result: yes
configure:3639: checking whether gcc accepts -g
configure:3659: gcc -c -g  conftest.c >&5
configure:3659: $? = 0
configure:3700: result: yes
configure:3717: checking for gcc option to accept ISO C89
configure:3781: gcc  -c  -DRELEASE=@RELEASE@ -Wall -W -pedantic -Wshadow -ansi -I/home/yanis/local/software-reliability/CUnit/CUnit-2.1-2-src/CUnit-2.1-2/CUnit/Headers  conftest.c >&5
configure:3781: $? = 0
configure:3794: result: none needed
configure:3825: checking for style of include used by make
configure:3853: result: GNU
configure:3878: checking dependency style of gcc
configure:3988: result: gcc3
configure:4004: checking whether make sets $(MAKE)
configure:4026: result: yes
configure:4064: checking build system type
configure:4078: result: x86_64-unknown-linux-gnu
configure:4098: checking host system type
configure:4111: result: x86_64-unknown-linux-gnu
configure:4131: checking for a sed that does not truncate output
configure:4195: result: /usr/bin/sed
configure:4213: checking for grep that handles long lines and -e
configure:4271: result: /usr/bin/grep
configure:4276: checking for egrep
configure:4338: result: /usr/bin/grep -E
configure:4343: checking for fgrep
configure:4405: result: /usr/bin/grep -F
configure:4440: checking for ld used by gcc
configure:4507: result: /usr/bin/ld
configure:4514: checking if the linker (/usr/bin/ld) is GNU ld
configure:4529: result: yes
configure:4541: checking for BSD- or MS-compatible name lister (nm)
configure:4590: result: /usr/bin/nm -B
configure:4708: checking the name lister (/usr/bin/nm -B) interface
configure:4746: gcc -c  -DRELEASE=@RELEASE@ -Wall -W -pedantic -Wshadow -ansi -I/home/yanis/local/software-reliability/CUnit/CUnit-2.1-2-src/CUnit-2.1-2/CUnit/Headers  conftest.c >&5
configure:4749: /usr/bin/nm -B "conftest.o"
configure:4752: output
0000000000000000 B some_variable
configure:4722: result: BSD nm
configure:4725: checking whether ln -s works
configure:4729: result: yes
configure:4737: checking the maximum length of command line arguments
configure:4857: result: 1572864
configure:4874: checking whether the shell understands some XSI constructs
configure:4883: result: yes
configure:4887: checking whether the shell understands "+="
configure:4891: result: yes
configure:4926: checking for /usr/bin/ld option to reload object files
configure:4933: result: -r
configure:5002: checking for objdump
configure:5018: found /usr/bin/objdump
configure:5029: result: objdump
configure:5061: checking how to recognize dependent libraries
configure:5257: result: pass_all
configure:5317: checking for ar
configure:5333: found /usr/bin/ar
configure:5344: result: ar
configure:5422: checking for strip
configure:5438: found /usr/bin/strip
configure:5449: result: strip
configure:5521: checking for ranlib
configure:5537: found /usr/bin/ranlib
configure:5548: result: ranlib
configure:5638: checking command to parse /usr/bin/nm -B output from gcc object
configure:5756: gcc -c  -DRELEASE=@RELEASE@ -Wall -W -pedantic -Wshadow -ansi -I/home/yanis/local/software-reliability/CUnit/CUnit-2.1-2-src/CUnit-2.1-2/CUnit/Headers  conftest.c >&5
configure:5759: $? = 0
configure:5763: /usr/bin/nm -B conftest.o \| sed -n -e 's/^.*[	 ]\([ABCDGIRSTW][ABCDGIRSTW]*\)[	 ][	 ]*\([_A-Za-z][_A-Za-z0-9]*\)$/\1 \2 \2/p' \> conftest.nm
configure:5766: $? = 0
configure:5820: gcc -o conftest  -DRELEASE=@RELEASE@ -Wall -W -pedantic -Wshadow -ansi -I/home/yanis/local/software-reliability/CUnit/CUnit-2.1-2-src/CUnit-2.1-2/CUnit/Headers   -L/home/yanis/local/software-reliability/CUnit/CUnit-2.1-2-src/CUnit-2.1-2/CUnit/Sources conftest.c conftstm.o >&5
conftest.c:17:20: warning: ISO C forbids conversion of function pointer to object pointer type [-Wpedantic]
   17 |   {"nm_test_func", (void *) &nm_test_func},
      |                    ^
configure:5823: $? = 0
configure:5861: result: ok
configure:5957: gcc -c  -DRELEASE=@RELEASE@ -Wall -W -pedantic -Wshadow -ansi -I/home/yanis/local/software-reliability/CUnit/CUnit-2.1-2-src/CUnit-2.1-2/CUnit/Headers  conftest.c >&5
configure:5960: $? = 0
configure:6670: checking how to run the C preprocessor
configure:6701: gcc -E  conftest.c
configure:6701: $? = 0
configure:6715: gcc -E  conftest.c
conftest.c:11:10: fatal error: ac_nonexistent.h: No such file or directory
   11 | #include <ac_nonexistent.h>
      |          ^~~~~~~~~~~~~~~~~~
compilation terminated.
configure:6715: $? = 1
configure: failed program was:
| /* confdefs.h */
| #define PACKAGE_NAME "CUnit"
| #define PACKAGE_TARNAME "cunit"
| #define PACKAGE_VERSION "2.1-2"
| #define PACKAGE_STRING "CUnit 2.1-2"
| #define PACKAGE_BUGREPORT ""
| #define PACKAGE_URL ""
| #define PACKAGE "CUnit"
| #define VERSION "2.1-2"
| /* end confdefs.h.  */
| #include <ac_nonexistent.h>
configure:6740: result: gcc -E
configure:6760: gcc -E  conftest.c
configure:6760: $? = 0
configure:6774: gcc -E  conftest.c
conftest.c:11:10: fatal error: ac_nonexistent.h: No such file or directory
   11 | #include <ac_nonexistent.h>
      |          ^~~~~~~~~~~~~~~~~~
compilation terminated.
configure:6774: $? = 1
configure: failed program was:
| /* confdefs.h */
| #define PACKAGE_NAME "CUnit"
| #define PACKAGE_TARNAME "cunit"
| #define PACKAGE_VERSION "2.1-2"
| #define PACKAGE_STRING "CUnit 2.1-2"
| #define PACKAGE_BUGREPORT ""
| #define PACKAGE_URL ""
| #define PACKAGE "CUnit"
| #define VERSION "2.1-2"
| /* end confdefs.h.  */
| #include <ac_nonexistent.h>
configure:6803: checking for ANSI C header files
configure:6823: gcc -c  -DRELEASE=@RELEASE@ -Wall -W -pedantic -Wshadow -ansi -I/home/yanis/local/software-reliability/CUnit/CUnit-2.1-2-src/CUnit-2.1-2/CUnit/Headers  conftest.c >&5
configure:6823: $? = 0
configure:6896: gcc -o conftest  -DRELEASE=@RELEASE@ -Wall -W -pedantic -Wshadow -ansi -I/home/yanis/local/software-reliability/CUnit/CUnit-2.1-2-src/CUnit-2.1-2/CUnit/Headers   -L/home/yanis/local/software-reliability/CUnit/CUnit-2.1-2-src/CUnit-2.1-2/CUnit/Sources conftest.c  >&5
configure:6896: $? = 0
configure:6896: ./conftest
configure:6896: $? = 0
configure:6907: result: yes
configure:6920: checking for sys/types.h
configure:6920: gcc -c  -DRELEASE=@RELEASE@ -Wall -W -pedantic -Wshadow -ansi -I/home/yanis/local/software-reliability/CUnit/CUnit-2.1-2-src/CUnit-2.1-2/CUnit/Headers  conftest.c >&5
configure:6920: $? = 0
configure:6920: result: yes
configure:6920: checking for sys/stat.h
configure:6920: gcc -c  -DRELEASE=@RELEASE@ -Wall -W -pedantic -Wshadow -ansi -I/home/yanis/local/software-reliability/CUnit/CUnit-2.1-2-src/CUnit-2.1-2/CUnit/Headers  conftest.c >&5
configure:6920: $? = 0
configure:6920: result: yes
configure:6920: checking for stdlib.h
configure:6920: gcc -c  -DRELEASE=@RELEASE@ -Wall -W -pedantic -Wshadow -ansi -I/home/yanis/local/software-reliability/CUnit/CUnit-2.1-2-src/CUnit-2.1-2/CUnit/Headers  conftest.c >&5
configure:6920: $? = 0
configure:6920: result: yes
configure:6920: checking for string.h
configure:6920: gcc -c  -DRELEASE=@RELEASE@ -Wall -W -pedantic -Wshadow -ansi -I/home/yanis/local/software-reliability/CUnit/CUnit-2.1-2-src/CUnit-2.1-2/CUnit/Headers  conftest.c >&5
configure:6920: $? = 0
configure:6920: result: yes
configure:6920: checking for memory.h
configure:6920: gcc -c  -DRELEASE=@RELEASE@ -Wall -W -pedantic -Wshadow -ansi -I/home/yanis/local/software-reliability/CUnit/CUnit-2.1-2-src/CUnit-2.1-2/CUnit/Headers  conftest.c >&5
configure:6920: $? = 0
configure:6920: result: yes
configure:6920: checking for strings.h
configure:6920: gcc -c  -DRELEASE=@RELEASE@ -Wall -W -pedantic -Wshadow -ansi -I/home/yanis/local/software-reliability/CUnit/CUnit-2.1-2-src/CUnit-2.1-2/CUnit/Headers  conftest.c >&5
configure:6920: $? = 0
configure:6920: result: yes
configure:6920: checking for inttypes.h
configure:6920: gcc -c  -DRELEASE=@RELEASE@ -Wall -W -pedantic -Wshadow -ansi -I/home/yanis/local/software-reliability/CUnit/CUnit-2.1-2-src/CUnit-2.1-2/CUnit/Headers  conftest.c >&5
configure:6920: $? = 0
configure:6920: result: yes
configure:6920: checking for stdint.h
configure:6920: gcc -c  -DRELEASE=@RELEASE@ -Wall -W -pedantic -Wshadow -ansi -I/home/yanis/local/software-reliability/CUnit/CUnit-2.1-2-src/CUnit-2.1-2/CUnit/Headers  conftest.c >&5
configure:6920: $? = 0
configure:6920: result: yes
configure:6920: checking for unistd.h
configure:6920: gcc -c  -DRELEASE=@RELEASE@ -Wall -W -pedantic -Wshadow -ansi -I/home/yanis/local/software-reliability/CUnit/CUnit-2.1-2-src/CUnit-2.1-2/CUnit/Headers  conftest.c >&5
configure:6920: $? = 0
configure:6920: result: yes
configure:6934: checking for dlfcn.h
configure:6934: gcc -c  -DRELEASE=@RELEASE@ -Wall -W -pedantic -Wshadow -ansi -I/home/yanis/local/software-reliability/CUnit/CUnit-2.1-2-src/CUnit-2.1-2/CUnit/Headers  conftest.c >&5
configure:6934: $? = 0
configure:6934: result: yes
configure:7118: checking for objdir
configure:7133: result: .libs
configure:7425: checking if gcc supports -fno-rtti -fno-exceptions
configure:7483: gcc -c  -DRELEASE=@RELEASE@ -Wall -W -pedantic -Wshadow -ansi -I/home/yanis/local/software-reliability/CUnit/CUnit-2.1-2-src/CUnit-2.1-2/CUnit/Headers  -fno-rtti -fno-exceptions conftest.c >&5
cc1: warning: command line option '-fno-rtti' is valid for C++/D/ObjC++ but not for C
configure:7487: $? = 0
configure:7460: result: no
configure:7480: checking for gcc option to produce PIC
configure:7752: result: -fPIC -DPIC
configure:7764: checking if gcc PIC flag -fPIC -DPIC works
configure:7822: gcc -c  -DRELEASE=@RELEASE@ -Wall -W -pedantic -Wshadow -ansi -I/home/yanis/local/software-reliability/CUnit/CUnit-2.1-2-src/CUnit-2.1-2/CUnit/Headers  -fPIC -DPIC -DPIC conftest.c >&5
configure:7826: $? = 0
configure:7799: result: yes
configure:7823: checking if gcc static flag -static works
configure:7851: result: yes
configure:7866: checking if gcc supports -c -o file.o
configure:7927: gcc -c  -DRELEASE=@RELEASE@ -Wall -W -pedantic -Wshadow -ansi -I/home/yanis/local/software-reliability/CUnit/CUnit-2.1-2-src/CUnit-2.1-2/CUnit/Headers  -o out/conftest2.o conftest.c >&5
configure:7931: $? = 0
configure:7913: result: yes
configure:7921: checking if gcc supports -c -o file.o
configure:7968: result: yes
configure:8001: checking whether the gcc linker (/usr/bin/ld -m elf_x86_64) supports shared libraries
configure:8992: result: yes
configure:9029: checking whether -lc should be explicitly linked in
configure:9034: gcc -c  -DRELEASE=@RELEASE@ -Wall -W -pedantic -Wshadow -ansi -I/home/yanis/local/software-reliability/CUnit/CUnit-2.1-2-src/CUnit-2.1-2/CUnit/Headers  conftest.c >&5
configure:9037: $? = 0
configure:9052: gcc -shared conftest.o  -v -Wl,-soname -Wl,conftest -o conftest 2\>\&1 \| /usr/bin/grep  -lc  \>/dev/null 2\>\&1
configure:9055: $? = 0
configure:9067: result: no
configure:9231: checking dynamic linker characteristics
configure:9664: gcc -o conftest  -DRELEASE=@RELEASE@ -Wall -W -pedantic -Wshadow -ansi -I/home/yanis/local/software-reliability/CUnit/CUnit-2.1-2-src/CUnit-2.1-2/CUnit/Headers   -L/home/yanis/local/software-reliability/CUnit/CUnit-2.1-2-src/CUnit-2.1-2/CUnit/Sources -Wl,-rpath -Wl,/foo conftest.c  >&5
configure:9664: $? = 0
configure:9894: result: GNU/Linux ld.so
configure:9996: checking how to hardcode library paths into programs
configure:10021: result: immediate
configure:10541: checking whether stripping libraries is possible
configure:10546: result: yes
configure:10581: checking if libtool supports shared libraries
configure:10583: result: yes
configure:10586: checking whether to build shared libraries
configure:10607: result: yes
configure:10610: checking whether to build static libraries
configure:10614: result: yes
configure:7918: checking for main in -lc
configure:7937: gcc -o conftest  -DRELEASE=@RELEASE@ -Wall -W -pedantic -Wshadow -ansi -I/home/yanis/local/software-reliability/CUnit/CUnit-2.1-2-src/CUnit-2.1-2/CUnit/Headers   -L/home/yanis/local/software-reliability/CUnit/CUnit-2.1-2-src/CUnit-2.1-2/CUnit/Sources conftest.c -lc   >&5
configure:7937: $? = 0
configure:7946: result: yes
configure:8063: checking for malloc
configure:8063: gcc -o conftest  -DRELEASE=@RELEASE@ -Wall -W -pedantic -Wshadow -ansi -I/home/yanis/local/software-reliability/CUnit/CUnit-2.1-2-src/CUnit-2.1-2/CUnit/Headers   -L/home/yanis/local/software-reliability/CUnit/CUnit-2.1-2-src/CUnit-2.1-2/CUnit/Sources conftest.c -lc  >&5
conftest.c:47:6: warning: conflicting types for built-in function 'malloc'; expected 'void *(long unsigned int)' [-Wbuiltin-declaration-mismatch]
   47 | char malloc ();
      |      ^~~~~~
conftest.c:35:1: note: 'malloc' is declared in header '<stdlib.h>'
   34 | # include <limits.h>
   35 | #else
configure:8063: $? = 0
configure:8063: result: yes
configure:8070: checking for free
configure:8070: gcc -o conftest  -DRELEASE=@RELEASE@ -Wall -W -pedantic -Wshadow -ansi -I/home/yanis/local/software-reliability/CUnit/CUnit-2.1-2-src/CUnit-2.1-2/CUnit/Headers   -L/home/yanis/local/software-reliability/CUnit/CUnit-2.1-2-src/CUnit-2.1-2/CUnit/Sources conftest.c -lc  >&5
conftest.c:47:6: warning: conflicting types for built-in function 'free'; expected 'void(void *)' [-Wbuiltin-declaration-mismatch]
   47 | char free ();
      |      ^~~~
conftest.c:35:1: note: 'free' is declared in header '<stdlib.h>'
   34 | # include <limits.h>
   35 | #else
configure:8070: $? = 0
configure:8070: result: yes
configure:8077: checking for calloc
configure:8077: gcc -o conftest  -DRELEASE=@RELEASE@ -Wall -W -pedantic -Wshadow -ansi -I/home/yanis/local/software-reliability/CUnit/CUnit-2.1-2-src/CUnit-2.1-2/CUnit/Headers   -L/home/yanis/local/software-reliability/CUnit/CUnit-2.1-2-src/CUnit-2.1-2/CUnit/Sources conftest.c -lc  >&5
conftest.c:47:6: warning: conflicting types for built-in function 'calloc'; expected 'void *(long unsigned int,  long unsigned int)' [-Wbuiltin-declaration-mismatch]
   47 | char calloc ();
      |      ^~~~~~
conftest.c:35:1: note: 'calloc' is declared in header '<stdlib.h>'
   34 | # include <limits.h>
   35 | #else
configure:8077: $? = 0
configure:8077: result: yes
configure:8084: checking for realloc
configure:8084: gcc -o conftest  -DRELEASE=@RELEASE@ -Wall -W -pedantic -Wshadow -ansi -I/home/yanis/local/software-reliability/CUnit/CUnit-2.1-2-src/CUnit-2.1-2/CUnit/Headers   -L/home/yanis/local/software-reliability/CUnit/CUnit-2.1-2-src/CUnit-2.1-2/CUnit/Sources conftest.c -lc  >&5
conftest.c:47:6: warning: conflicting types for built-in function 'realloc'; expected 'void *(void *, long unsigned int)' [-Wbuiltin-declaration-mismatch]
   47 | char realloc ();
      |      ^~~~~~~
conftest.c:35:1: note: 'realloc' is declared in header '<stdlib.h>'
   34 | # include <limits.h>
   35 | #else
configure:8084: $? = 0
configure:8084: result: yes
configure:8092: checking for strcpy
configure:8092: gcc -o conftest  -DRELEASE=@RELEASE@ -Wall -W -pedantic -Wshadow -ansi -I/home/yanis/local/software-reliability/CUnit/CUnit-2.1-2-src/CUnit-2.1-2/CUnit/Headers   -L/home/yanis/local/software-reliability/CUnit/CUnit-2.1-2-src/CUnit-2.1-2/CUnit/Sources conftest.c -lc  >&5
conftest.c:47:6: warning: conflicting types for built-in function 'strcpy'; expected 'char *(char *, const char *)' [-Wbuiltin-declaration-mismatch]
   47 | char strcpy ();
      |      ^~~~~~
conftest.c:35:1: note: 'strcpy' is declared in header '<string.h>'
   34 | # include <limits.h>
   35 | #else
configure:8092: $? = 0
configure:8092: result: yes
configure:8099: checking for strerror
configure:8099: gcc -o conftest  -DRELEASE=@RELEASE@ -Wall -W -pedantic -Wshadow -ansi -I/home/yanis/local/software-reliability/CUnit/CUnit-2.1-2-src/CUnit-2.1-2/CUnit/Headers   -L/home/yanis/local/software-reliability/CUnit/CUnit-2.1-2-src/CUnit-2.1-2/CUnit/Sources conftest.c -lc  >&5
configure:8099: $? = 0
configure:8099: result: yes
configure:8107: checking for fopen
configure:8107: gcc -o conftest  -DRELEASE=@RELEASE@ -Wall -W -pedantic -Wshadow -ansi -I/home/yanis/local/software-reliability/CUnit/CUnit-2.1-2-src/CUnit-2.1-2/CUnit/Headers   -L/home/yanis/local/software-reliability/CUnit/CUnit-2.1-2-src/CUnit-2.1-2/CUnit/Sources conftest.c -lc  >&5
configure:8107: $? = 0
configure:8107: result: yes
configure:8114: checking for fclose
configure:8114: gcc -o conftest  -DRELEASE=@RELEASE@ -Wall -W -pedantic -Wshadow -ansi -I/home/yanis/local/software-reliability/CUnit/CUnit-2.1-2-src/CUnit-2.1-2/CUnit/Headers   -L/home/yanis/local/software-reliability/CUnit/CUnit-2.1-2-src/CUnit-2.1-2/CUnit/Sources conftest.c -lc  >&5
configure:8114: $? = 0
configure:8114: result: yes
configure:8121: checking for fprintf
configure:8121: gcc -o conftest  -DRELEASE=@RELEASE@ -Wall -W -pedantic -Wshadow -ansi -I/home/yanis/local/software-reliability/CUnit/CUnit-2.1-2-src/CUnit-2.1-2/CUnit/Headers   -L/home/yanis/local/software-reliability/CUnit/CUnit-2.1-2-src/CUnit-2.1-2/CUnit/Sources conftest.c -lc  >&5
conftest.c:47:6: warning: conflicting types for built-in function 'fprintf'; expected 'int(void *, const char *, ...)' [-Wbuiltin-declaration-mismatch]
   47 | char fprintf ();
      |      ^~~~~~~
conftest.c:35:1: note: 'fprintf' is declared in header '<stdio.h>'
   34 | # include <limits.h>
   35 | #else
configure:8121: $? = 0
configure:8121: result: yes
configure:8128: checking for setvbuf
configure:8128: gcc -o conftest  -DRELEASE=@RELEASE@ -Wall -W -pedantic -Wshadow -ansi -I/home/yanis/local/software-reliability/CUnit/CUnit-2.1-2-src/CUnit-2.1-2/CUnit/Headers   -L/home/yanis/local/software-reliability/CUnit/CUnit-2.1-2-src/CUnit-2.1-2/CUnit/Sources conftest.c -lc  >&5
configure:8128: $? = 0
configure:8128: result: yes
configure:8136: checking for time
configure:8136: gcc -o conftest  -DRELEASE=@RELEASE@ -Wall -W -pedantic -Wshadow -ansi -I/home/yanis/local/software-reliability/CUnit/CUnit-2.1-2-src/CUnit-2.1-2/CUnit/Headers   -L/home/yanis/local/software-reliability/CUnit/CUnit-2.1-2-src/CUnit-2.1-2/CUnit/Sources conftest.c -lc  >&5
configure:8136: $? = 0
configure:8136: result: yes
configure:8143: checking for ctime
configure:8143: gcc -o conftest  -DRELEASE=@RELEASE@ -Wall -W -pedantic -Wshadow -ansi -I/home/yanis/local/software-reliability/CUnit/CUnit-2.1-2-src/CUnit-2.1-2/CUnit/Headers   -L/home/yanis/local/software-reliability/CUnit/CUnit-2.1-2-src/CUnit-2.1-2/CUnit/Sources conftest.c -lc  >&5
configure:8143: $? = 0
configure:8143: result: yes
configure:8151: checking for ANSI C header files
configure:8255: result: yes
configure:8265: checking assert.h usability
configure:8265: gcc -c  -DRELEASE=@RELEASE@ -Wall -W -pedantic -Wshadow -ansi -I/home/yanis/local/software-reliability/CUnit/CUnit-2.1-2-src/CUnit-2.1-2/CUnit/Headers  conftest.c >&5
configure:8265: $? = 0
configure:8265: result: yes
configure:8265: checking assert.h presence
configure:8265: gcc -E  conftest.c
configure:8265: $? = 0
configure:8265: result: yes
configure:8265: checking for assert.h
configure:8265: result: yes
configure:8277: checking ctype.h usability
configure:8277: gcc -c  -DRELEASE=@RELEASE@ -Wall -W -pedantic -Wshadow -ansi -I/home/yanis/local/software-reliability/CUnit/CUnit-2.1-2-src/CUnit-2.1-2/CUnit/Headers  conftest.c >&5
configure:8277: $? = 0
configure:8277: result: yes
configure:8277: checking ctype.h presence
configure:8277: gcc -E  conftest.c
configure:8277: $? = 0
configure:8277: result: yes
configure:8277: checking for ctype.h
configure:8277: result: yes
configure:8289: checking math.h usability
configure:8289: gcc -c  -DRELEASE=@RELEASE@ -Wall -W -pedantic -Wshadow -ansi -I/home/yanis/local/software-reliability/CUnit/CUnit-2.1-2-src/CUnit-2.1-2/CUnit/Headers  conftest.c >&5
configure:8289: $? = 0
configure:8289: result: yes
configure:8289: checking math.h presence
configure:8289: gcc -E  conftest.c
configure:8289: $? = 0
configure:8289: result: yes
configure:8289: checking for math.h
configure:8289: result: yes
configure:8301: checking file.h usability
configure:8301: gcc -c  -DRELEASE=@RELEASE@ -Wall -W -pedantic -Wshadow -ansi -I/home/yanis/local/software-reliability/CUnit/CUnit-2.1-2-src/CUnit-2.1-2/CUnit/Headers  conftest.c >&5
conftest.c:61:10: fatal error: file.h: No such file or directory
   61 | #include <file.h>
      |          ^~~~~~~~
compilation terminated.
configure:8301: $? = 1
configure: failed program was:
| /* confdefs.h */
| #define PACKAGE_NAME "CUnit"
| #define PACKAGE_TARNAME "cunit"
| #define PACKAGE_VERSION "2.1-2"
| #define PACKAGE_STRING "CUnit 2.1-2"
| #define PACKAGE_BUGREPORT ""
| #define PACKAGE_URL ""
| #define PACKAGE "CUnit"
| #define VERSION "2.1-2"
| #define STDC_HEADERS 1
| #define HAVE_SYS_TYPES_H 1
| #define HAVE_SYS_STAT_H 1
| #define HAVE_STDLIB_H 1
| #define HAVE_STRING_H 1
| #define HAVE_MEMORY_H 1
| #define HAVE_STRINGS_H 1
| #define HAVE_INTTYPES_H 1
| #define HAVE_STDINT_H 1
| #define HAVE_UNISTD_H 1
| #define HAVE_DLFCN_H 1
| #define LT_OBJDIR ".libs/"
| #define HAVE_LIBC 1
| #define STDC_HEADERS 1
| #define HAVE_ASSERT_H 1
| #define HAVE_CTYPE_H 1
| #define HAVE_MATH_H 1
| /* end confdefs.h.  */
| #include <stdio.h>
| #ifdef HAVE_SYS_TYPES_H
| # include <sys/types.h>
| #endif
| #ifdef HAVE_SYS_STAT_H
| # include <sys/stat.h>
| #endif
| #ifdef STDC_HEADERS
| # include <stdlib.h>
| # include <stddef.h>
| #else
| # ifdef HAVE_STDLIB_H
| #  include <stdlib.h>
| # endif
| #endif
| #ifdef HAVE_STRING_H
| # if !defined STDC_HEADERS && defined HAVE_MEMORY_H
| #  include <memory.h>
| # endif
| # include <string.h>
| #endif
| #ifdef HAVE_STRINGS_H
| # include <strings.h>
| #endif
| #ifdef HAVE_INTTYPES_H
| # include <inttypes.h>
| #endif
| #ifdef HAVE_STDINT_H
| # include <stdint.h>
| #endif
| #ifdef HAVE_UNISTD_H
| # include <unistd.h>
| #endif
| #include <file.h>
configure:8301: result: no
configure:8301: checking file.h presence
configure:8301: gcc -E  conftest.c
conftest.c:28:10: fatal error: file.h: No such file or directory
   28 | #include <file.h>
      |          ^~~~~~~~
compilation terminated.
configure:8301: $? = 1
configure: failed program was:
| /* confdefs.h */
| #define PACKAGE_NAME "CUnit"
| #define PACKAGE_TARNAME "cunit"
| #define PACKAGE_VERSION "2.1-2"
| #define PACKAGE_STRING "CUnit 2.1-2"
| #define PACKAGE_BUGREPORT ""
| #define PACKAGE_URL ""
| #define PACKAGE "CUnit"
| #define VERSION "2.1-2"
| #define STDC_HEADERS 1
| #define HAVE_SYS_TYPES_H 1
| #define HAVE_SYS_STAT_H 1
| #define HAVE_STDLIB_H 1
| #define HAVE_STRING_H 1
| #define HAVE_MEMORY_H 1
| #define HAVE_STRINGS_H 1
| #define HAVE_INTTYPES_H 1
| #define HAVE_STDINT_H 1
| #define HAVE_UNISTD_H 1
| #define HAVE_DLFCN_H 1
| #define LT_OBJDIR ".libs/"
| #define HAVE_LIBC 1
| #define STDC_HEADERS 1
| #define HAVE_ASSERT_H 1
| #define HAVE_CTYPE_H 1
| #define HAVE_MATH_H 1
| /* end confdefs.h.  */
| #include <file.h>
configure:8301: result: no
configure:8301: checking for file.h
configure:8301: result: no
configure:8313: checking stdio.h usability
configure:8313: gcc -c  -DRELEASE=@RELEASE@ -Wall -W -pedantic -Wshadow -ansi -I/home/yanis/local/software-reliability/CUnit/CUnit-2.1-2-src/CUnit-2.1-2/CUnit/Headers  conftest.c >&5
configure:8313: $? = 0
configure:8313: result: yes
configure:8313: checking stdio.h presence
configure:8313: gcc -E  conftest.c
configure:8313: $? = 0
configure:8313: result: yes
configure:8313: checking for stdio.h
configure:8313: result: yes
configure:8325: checking for stdlib.h
configure:8325: result: yes
configure:8337: checking for string.h
configure:8337: result: yes
configure:8351: checking for an ANSI C-conforming const
configure:8416: gcc -c  -DRELEASE=@RELEASE@ -Wall -W -pedantic -Wshadow -ansi -I/home/yanis/local/software-reliability/CUnit/CUnit-2.1-2-src/CUnit-2.1-2/CUnit/Headers  conftest.c >&5
conftest.c: In function 'main':
conftest.c:60:7: warning: 't' is used uninitialized in this function [-Wuninitialized]
   60 |     *t++ = 0;
      |      ~^~
conftest.c:76:23: warning: 'b' may be used uninitialized in this function [-Wmaybe-uninitialized]
   76 |     struct s *b; b->j = 5;
      |                  ~~~~~^~~
conftest.c:82:13: warning: 'cs[0]' may be used uninitialized in this function [-Wmaybe-uninitialized]
   82 |   return !cs[0] && !zero.x;
      |           ~~^~~
configure:8416: $? = 0
configure:8423: result: yes
configure:8594: creating ./config.status

## ---------------------- ##
## Running config.status. ##
## ---------------------- ##

This file was extended by CUnit config.status 2.1-2, which was
generated by GNU Autoconf 2.67.  Invocation command line was

  CONFIG_FILES    = 
  CONFIG_HEADERS  = 
  CONFIG_LINKS    = 
  CONFIG_COMMANDS = 
  $ ./config.status 

on Yanis-Krypton

config.status:1125: creating Jamrules
config.status:1125: creating Makefile
config.status:1125: creating CUnit.spec
config.status:1125: creating cunit.pc
config.status:1125: creating CUnit/Makefile
config.status:1125: creating CUnit/Headers/Makefile
config.status:1125: creating CUnit/Headers/CUnit.h
config.status:1125: creating CUnit/Sources/Makefile
config.status:1125: creating CUnit/Sources/Framework/Makefile
config.status:1125: creating CUnit/Sources/Automated/Makefile
config.status:1125: creating CUnit/Sources/Basic/Makefile
config.status:1125: creating CUnit/Sources/Console/Makefile
config.status:1125: creating CUnit/Sources/Curses/Makefile
config.status:1125: creating CUnit/Sources/Test/Makefile
config.status:1125: creating doc/Makefile
config.status:1125: creating doc/headers/Makefile
config.status:1125: creating Examples/Makefile
config.status:1125: creating Examples/AutomatedTest/Makefile
config.status:1125: creating Examples/BasicTest/Makefile
config.status:1125: creating Examples/ConsoleTest/Makefile
config.status:1125: creating Examples/CursesTest/Makefile
config.status:1125: creating Man/Makefile
config.status:1125: creating Man/man3/Makefile
config.status:1125: creating Share/Makefile
config.status:1125: creating config.h
config.status:1305: config.h is unchanged
config.status:1353: executing depfiles commands
config.status:1353: executing libtool commands

## ---------------- ##
## Cache variables. ##
## ---------------- ##

ac_cv_build=x86_64-unknown-linux-gnu
ac_cv_c_compiler_gnu=yes
ac_cv_c_const=yes
ac_cv_env_CC_set=
ac_cv_env_CC_value=
ac_cv_env_CFLAGS_set=
ac_cv_env_CFLAGS_value=
ac_cv_env_CPPFLAGS_set=
ac_cv_env_CPPFLAGS_value=
ac_cv_env_CPP_set=
ac_cv_env_CPP_value=
ac_cv_env_LDFLAGS_set=
ac_cv_env_LDFLAGS_value=
ac_cv_env_LIBS_set=
ac_cv_env_LIBS_value=
ac_cv_env_build_alias_set=
ac_cv_env_build_alias_value=
ac_cv_env_host_alias_set=
ac_cv_env_host_alias_value=
ac_cv_env_target_alias_set=
ac_cv_env_target_alias_value=
ac_cv_func_calloc=yes
ac_cv_func_ctime=yes
ac_cv_func_fclose=yes
ac_cv_func_fopen=yes
ac_cv_func_fprintf=yes
ac_cv_func_free=yes
ac_cv_func_malloc=yes
ac_cv_func_realloc=yes
ac_cv_func_setvbuf=yes
ac_cv_func_strcpy=yes
ac_cv_func_strerror=yes
ac_cv_func_time=yes
ac_cv_header_assert_h=yes
ac_cv_header_ctype_h=yes
ac_cv_header_dlfcn_h=yes
ac_cv_header_file_h=no
ac_cv_header_inttypes_h=yes
ac_cv_header_math_h=yes
ac_cv_header_memory_h=yes
ac_cv_header_stdc=yes
ac_cv_header_stdint_h=yes
ac_cv_header_stdio_h=yes
ac_cv_header_stdlib_h=yes
ac_cv_header_string_h=yes
ac_cv_header_strings_h=yes
ac_cv_header_sys_stat_h=yes
ac_cv_header_sys_types_h=yes
ac_cv_header_unistd_h=yes
ac_cv_host=x86_64-unknown-linux-gnu
ac_cv_lib_c_main=yes
ac_cv_objext=o
ac_cv_path_EGREP='/usr/bin/grep -E'
ac_cv_path_FGREP='/usr/bin/grep -F'
ac_cv_path_GREP=/usr/bin/grep
ac_cv_path_SED=/usr/bin/sed
ac_cv_path_install='/usr/bin/install -c'
ac_cv_path_mkdir=/usr/bin/mkdir
ac_cv_prog_AWK=mawk
ac_cv_prog_CPP='gcc -E'
ac_cv_prog_ac_ct_AR=ar
ac_cv_prog_ac_ct_CC=gcc
ac_cv_prog_ac_ct_OBJDUMP=objdump
ac_cv_prog_ac_ct_RANLIB=ranlib
ac_cv_prog_ac_ct_STRIP=strip
ac_cv_prog_cc_c89=
ac_cv_prog_cc_g=yes
ac_cv_prog_make_make_set=yes
am_cv_CC_dependencies_compiler_type=gcc3
lt_cv_deplibs_check_method=pass_all
lt_cv_file_magic_cmd='$MAGIC_CMD'
lt_cv_file_magic_test_file=
lt_cv_ld_reload_flag=-r
lt_cv_nm_interface='BSD nm'
lt_cv_objdir=.libs
lt_cv_path_LD=/usr/bin/ld
lt_cv_path_NM='/usr/bin/nm -B'
lt_cv_prog_compiler_c_o=yes
lt_cv_prog_compiler_pic_works=yes
lt_cv_prog_compiler_rtti_exceptions=no
lt_cv_prog_compiler_static_works=yes
lt_cv_prog_gnu_ld=yes
lt_cv_sys_global_symbol_pipe='sed -n -e '\''s/^.*[	 ]\([ABCDGIRSTW][ABCDGIRSTW]*\)[	 ][	 ]*\([_A-Za-z][_A-Za-z0-9]*\)$/\1 \2 \2/p'\'''
lt_cv_sys_global_symbol_to_c_name_address='sed -n -e '\''s/^: \([^ ]*\) $/  {\"\1\", (void *) 0},/p'\'' -e '\''s/^[ABCDGIRSTW]* \([^ ]*\) \([^ ]*\)$/  {"\2", (void *) \&\2},/p'\'''
lt_cv_sys_global_symbol_to_c_name_address_lib_prefix='sed -n -e '\''s/^: \([^ ]*\) $/  {\"\1\", (void *) 0},/p'\'' -e '\''s/^[ABCDGIRSTW]* \([^ ]*\) \(lib[^ ]*\)$/  {"\2", (void *) \&\2},/p'\'' -e '\''s/^[ABCDGIRSTW]* \([^ ]*\) \([^ ]*\)$/  {"lib\2", (void *) \&\2},/p'\'''
lt_cv_sys_global_symbol_to_cdecl='sed -n -e '\''s/^T .* \(.*\)$/extern int \1();/p'\'' -e '\''s/^[ABCDGIRSTW]* .* \(.*\)$/extern char \1;/p'\'''
lt_cv_sys_max_cmd_len=1572864

## ----------------- ##
## Output variables. ##
## ----------------- ##

ACLOCAL='aclocal-1.11'
AMDEPBACKSLASH='\'
AMDEP_FALSE='#'
AMDEP_TRUE=''
AMTAR='tar'
AR='ar'
AUTOCONF='autoconf'
AUTOHEADER='autoheader'
AUTOMAKE='automake-1.11'
AWK='mawk'
BUILD_AUTOMATED='TRUE'
BUILD_BASIC='TRUE'
BUILD_CONSOLE='TRUE'
BUILD_CURSES='FALSE'
BUILD_EXAMPLES='FALSE'
BUILD_TEST='FALSE'
CC='gcc'
CCDEPMODE='depmode=gcc3'
CFLAGS=' -DRELEASE=@RELEASE@ -Wall -W -pedantic -Wshadow -ansi -I/home/yanis/local/software-reliability/CUnit/CUnit-2.1-2-src/CUnit-2.1-2/CUnit/Headers'
CPP='gcc -E'
CPPFLAGS=''
CURSES_LIB=''
CYGPATH_W='echo'
DEFS='-DHAVE_CONFIG_H'
DEPDIR='.deps'
DSYMUTIL=''
DUMPBIN=''
ECHO_C=''
ECHO_N='-n'
ECHO_T=''
EGREP='/usr/bin/grep -E'
ENABLE_AUTOMATED_FALSE='#'
ENABLE_AUTOMATED_TRUE=''
ENABLE_BASIC_FALSE='#'
ENABLE_BASIC_TRUE=''
ENABLE_CONSOLE_FALSE='#'
ENABLE_CONSOLE_TRUE=''
ENABLE_CURSES_FALSE=''
ENABLE_CURSES_TRUE='#'
ENABLE_DEBUG='FALSE'
ENABLE_DEPRECATED='FALSE'
ENABLE_EXAMPLES_FALSE=''
ENABLE_EXAMPLES_TRUE='#'
ENABLE_MEMTRACE='FALSE'
ENABLE_TEST_FALSE=''
ENABLE_TEST_TRUE='#'
EXEEXT=''
FGREP='/usr/bin/grep -F'
GREP='/usr/bin/grep'
INSTALL_DATA='${INSTALL} -m 644'
INSTALL_PROGRAM='${INSTALL}'
INSTALL_SCRIPT='${INSTALL}'
INSTALL_STRIP_PROGRAM='$(install_sh) -c -s'
LD='/usr/bin/ld -m elf_x86_64'
LDFLAGS=' -L/home/yanis/local/software-reliability/CUnit/CUnit-2.1-2-src/CUnit-2.1-2/CUnit/Sources'
LIBOBJS=''
LIBS='-lc '
LIBTOOL='$(SHELL) $(top_builddir)/libtool'
LIBTOOL_AGE='0'
LIBTOOL_CURRENT='1'
LIBTOOL_REVISION='1'
LIBTOOL_SUFFIX1='1'
LIBTOOL_SUFFIX='1.0.1'
LIPO=''
LN_S='ln -s'
LTLIBOBJS=''
MAKEINFO='makeinfo'
MKDIR_P='/usr/bin/mkdir -p'
NM='/usr/bin/nm -B'
NMEDIT=''
OBJDUMP='objdump'
OBJEXT='o'
OTOOL64=''
OTOOL=''
PACKAGE='CUnit'
PACKAGE_BUGREPORT=''
PACKAGE_NAME='CUnit'
PACKAGE_STRING='CUnit 2.1-2'
PACKAGE_TARNAME='cunit'
PACKAGE_URL=''
PACKAGE_VERSION='2.1-2'
PATH_SEPARATOR=':'
RANLIB='ranlib'
RELEASE='2'
SED='/usr/bin/sed'
SET_MAKE=''
SHELL='/bin/bash'
STRIP='strip'
VERSION='2.1'
VERSION_MAJOR='2'
VERSION_MINOR='1'
ac_ct_CC='gcc'
ac_ct_DUMPBIN=''
am__EXEEXT_FALSE=''
am__EXEEXT_TRUE='#'
am__fastdepCC_FALSE='#'
am__fastdepCC_TRUE=''
am__include='include'
am__isrc=''
am__leading_dot='.'
am__quote=''
am__tar='${AMTAR} chof - "$$tardir"'
am__untar='${AMTAR} xf -'
bindir='${exec_prefix}/bin'
build='x86_64-unknown-linux-gnu'
build_alias=''
build_cpu='x86_64'
build_os='linux-gnu'
build_vendor='unknown'
datadir='${datarootdir}'
datarootdir='${prefix}/share'
docdir='${datarootdir}/doc/${PACKAGE_TARNAME}'
dvidir='${docdir}'
exec_prefix='${prefix}'
host='x86_64-unknown-linux-gnu'
host_alias=''
host_cpu='x86_64'
host_os='linux-gnu'
host_vendor='unknown'
htmldir='${docdir}'
includedir='${prefix}/include'
infodir='${datarootdir}/info'
install_sh='${SHELL} /home/yanis/local/software-reliability/CUnit/CUnit-2.1-2-src/CUnit-2.1-2/install-sh'
libdir='${exec_prefix}/lib'
libexecdir='${exec_prefix}/libexec'
localedir='${datarootdir}/locale'
localstatedir='${prefix}/var'
lt_ECHO='echo'
mandir='${datarootdir}/man'
mkdir_p='/usr/bin/mkdir -p'
oldincludedir='/usr/include'
pdfdir='${docdir}'
prefix='/home/yanis/local/CUnit'
program_transform_name='s,x,x,'
psdir='${docdir}'
sbindir='${exec_prefix}/sbin'
sharedstatedir='${prefix}/com'
sysconfdir='${prefix}/etc'
target_alias=''

## ----------- ##
## confdefs.h. ##
## ----------- ##

/* confdefs.h */
#define PACKAGE_NAME "CUnit"
#define PACKAGE_TARNAME "cunit"
#define PACKAGE_VERSION "2.1-2"
#define PACKAGE_STRING "CUnit 2.1-2"
#define PACKAGE_BUGREPORT ""
#define PACKAGE_URL ""
#define PACKAGE "CUnit"
#define VERSION "2.1-2"
#define STDC_HEADERS 1
#define HAVE_SYS_TYPES_H 1
#define HAVE_SYS_STAT_H 1
#define HAVE_STDLIB_H 1
#define HAVE_STRING_H 1
#define HAVE_MEMORY_H 1
#define HAVE_STRINGS_H 1
#define HAVE_INTTYPES_H 1
#define HAVE_STDINT_H 1
#define HAVE_UNISTD_H 1
#define HAVE_DLFCN_H 1
#define LT_OBJDIR ".libs/"
#define HAVE_LIBC 1
#define STDC_HEADERS 1
#define HAVE_ASSERT_H 1
#define HAVE_CTYPE_H 1
#define HAVE_MATH_H 1
#define HAVE_STDIO_H 1
#define HAVE_STDLIB_H 1
#define HAVE_STRING_H 1

configure: exit 0
